Ùª­jAttributesÙ¯‚€öpExtended SummaryÙ¯‚„ÙÆƒdnotex2It is recommended to use one of `assert_allclose`,Ù¹‚Ù§x„`assert_array_almost_equal_nulp` or `assert_array_max_ulp` instead of this function for more consistent floating point comparisons. €Ù¹‚…Ù§x'The test verifies that the elements of Ù¢„factualÙ „ööelocalfactualelocalõÙ§e and Ù¢„gdesiredÙ „ööelocalgdesiredelocalõÙ§i satisfy.€Ù·x.``abs(desired-actual) < 1.5 * 10**(-decimal)``Ù¹‚ƒÙ§xdThat is a looser test than originally documented, but agrees with what the actual implementation in Ù¢„xassert_array_almost_equalÙ „enumpyf1.22.3fmodulex6numpy.testing._private.utils.assert_array_almost_equalfmoduleõÙ§x„ did up to rounding vagaries. An exception is raised at conflicting values. For ndarrays this delegates to assert_array_almost_equal€ögMethodsÙ¯‚€öeNotesÙ¯‚€öpOther ParametersÙ¯‚€öjParametersÙ¯‚…Ù°ƒfactualjarray_likeÙ¹‚Ù§tThe object to check.€Ù°ƒgdesiredjarray_likeÙ¹‚Ù§tThe expected object.€Ù°ƒgdecimalmint, optionalÙ¹‚Ù§x Desired precision, default is 7.€Ù°ƒgerr_msgmstr, optionalÙ¹‚Ù§x3The error message to be printed in case of failure.€Ù°ƒgverbosenbool, optionalÙ¹‚Ù§xBIf True, the conflicting values are appended to the error message.€öfRaisesÙ¯‚Ù°ƒ`nAssertionErrorÙ¹‚Ù§x>If actual and desired are not equal up to specified precision.€öhReceivesÙ¯‚€ögReturnsÙ¯‚€ögSummaryÙ¯‚Ù¹‚Ù§xLRaises an AssertionError if two items are not equal up to desired precision.€öhWarningsÙ¯‚€öeWarnsÙ¯‚€öfYieldsÙ¯‚€ö†gSummarypExtended SummaryjParametersfRaiseshSee AlsohExamplesx /numpy/testing/_private/utils.pyÜr<class 'function'>x!numpy.testing.assert_almost_equalÙ¯‚‚Ù´ƒ˜Ù±‚bkndfromÙ±‚`a Ù±‚bnnÙ¢„enumpyÙ „enumpyf1.22.3fmoduleenumpyfmoduleõÙ±‚bnna.Ù±‚bnnÙ¢„gtestingÙ „enumpyf1.22.3fmodulemnumpy.testingfmoduleõÙ±‚`a Ù±‚bknfimportÙ±‚`a Ù±‚`Ù¢„sassert_almost_equalÙ „enumpyf1.22.3fmodulex0numpy.testing._private.utils.assert_almost_equalfmoduleõÙ±‚`a
Ù±‚`Ù¢„sassert_almost_equalÙ „enumpyf1.22.3fmodulex0numpy.testing._private.utils.assert_almost_equalfmoduleõÙ±‚`a(Ù±‚bmfo2.3333333333333Ù±‚`a,Ù±‚`a Ù±‚bmfj2.33333334Ù±‚`a)Ù±‚`a
Ù±‚`Ù¢„sassert_almost_equalÙ „enumpyf1.22.3fmodulex0numpy.testing._private.utils.assert_almost_equalfmoduleõÙ±‚`a(Ù±‚bmfo2.3333333333333Ù±‚`a,Ù±‚`a Ù±‚bmfj2.33333334Ù±‚`a,Ù±‚`a Ù±‚`gdecimalÙ±‚aoa=Ù±‚bmib10Ù±‚`a)x“Traceback (most recent call last):
    ...
AssertionError:
Arrays are not almost equal to 10 decimals
 ACTUAL: 2.3333333333333
 DESIRED: 2.33333334hcompiledÙ´ƒ˜Ù±‚`Ù¢„sassert_almost_equalÙ „enumpyf1.22.3fmodulex0numpy.testing._private.utils.assert_almost_equalfmoduleõÙ±‚`a(Ù±‚`bnpÙ±‚aoa.Ù±‚`Ù¢„earrayÙ „enumpyf1.22.3fmoduleknumpy.arrayfmoduleõÙ±‚`a(Ù±‚`a[Ù±‚bmfc1.0Ù±‚`a,Ù±‚bmfo2.3333333333333Ù±‚`a]Ù±‚`a)Ù±‚`a,Ù±‚`a
Ù±‚`t                    Ù±‚`bnpÙ±‚aoa.Ù±‚`Ù¢„earrayÙ „enumpyf1.22.3fmoduleknumpy.arrayfmoduleõÙ±‚`a(Ù±‚`a[Ù±‚bmfc1.0Ù±‚`a,Ù±‚bmfj2.33333334Ù±‚`a]Ù±‚`a)Ù±‚`a,Ù±‚`a Ù±‚`gdecimalÙ±‚aoa=Ù±‚bmia9Ù±‚`a)y+Traceback (most recent call last):
    ...
AssertionError:
Arrays are not almost equal to 9 decimals
<BLANKLINE>
Mismatched elements: 1 / 2 (50%)
Max absolute difference: 6.66669964e-09
Max relative difference: 2.85715698e-09
 x: array([1.         , 2.333333333])
 y: array([1.        , 2.33333334])hcompiledö„Ù¼ƒÙ»ƒoassert_allclosex,numpy.testing._private.utils.assert_allcloseõÙ¹‚Ù§x\Compare two array_like objects for equality with desired relative and/or absolute precision.€öÙ¼ƒÙ»ƒxassert_array_almost_equal_nulpx;numpy.testing._private.utils.assert_array_almost_equal_nulpõ€öÙ¼ƒÙ»ƒtassert_array_max_ulpx1numpy.testing._private.utils.assert_array_max_ulpõ€öÙ¼ƒÙ»ƒlassert_equalx)numpy.testing._private.utils.assert_equalõ€öf1.22.3Ù«xIassert_almost_equal(actual, desired, decimal=7, err_msg='', verbose=True)öx0numpy.testing._private.utils.assert_almost_equal€