Ùª­jAttributesÙ¯‚€öpExtended SummaryÙ¯‚Ù¹‚Ù§y¤Given two array_like objects, check that the shape is equal and all elements of the first object are strictly smaller than those of the second object. An exception is raised at shape mismatch or incorrectly ordered values. Shape mismatch does not raise if an object has zero dimension. In contrast to the standard usage in numpy, NaNs are compared, no assertion is raised if both objects have NaNs in the same positions.€ögMethodsÙ¯‚€öeNotesÙ¯‚€öpOther ParametersÙ¯‚€öjParametersÙ¯‚„Ù°ƒaxjarray_likeÙ¹‚Ù§xThe smaller object to check.€Ù°ƒayjarray_likeÙ¹‚Ù§xThe larger object to compare.€Ù°ƒgerr_msgfstringÙ¹‚Ù§x3The error message to be printed in case of failure.€Ù°ƒgverbosedboolÙ¹‚Ù§xBIf True, the conflicting values are appended to the error message.€öfRaisesÙ¯‚Ù°ƒ`nAssertionErrorÙ¹‚Ù§x,If actual and desired objects are not equal.€öhReceivesÙ¯‚€ögReturnsÙ¯‚€ögSummaryÙ¯‚Ù¹‚Ù§xPRaises an AssertionError if two array_like objects are not ordered by less than.€öhWarningsÙ¯‚€öeWarnsÙ¯‚€öfYieldsÙ¯‚€ö†gSummarypExtended SummaryjParametersfRaiseshSee AlsohExamplesx /numpy/testing/_private/utils.pyr<class 'function'>xnumpy.testing.assert_array_lessÙ¯‚ƒÙ´ƒ˜?Ù±‚`bnpÙ±‚aoa.Ù±‚`Ù¢„gtestingÙ „enumpyf1.22.3fmodulemnumpy.testingfmoduleõÙ±‚aoa.Ù±‚`Ù¢„qassert_array_lessÙ „enumpyf1.22.3fmodulex.numpy.testing._private.utils.assert_array_lessfmoduleõÙ±‚`a(Ù±‚`a[Ù±‚bmfc1.0Ù±‚`a,Ù±‚`a Ù±‚bmfc1.0Ù±‚`a,Ù±‚`a Ù±‚`bnpÙ±‚aoa.Ù±‚`cnanÙ±‚`a]Ù±‚`a,Ù±‚`a Ù±‚`a[Ù±‚bmfc1.1Ù±‚`a,Ù±‚`a Ù±‚bmfc2.0Ù±‚`a,Ù±‚`a Ù±‚`bnpÙ±‚aoa.Ù±‚`cnanÙ±‚`a]Ù±‚`a)Ù±‚`a
Ù±‚`bnpÙ±‚aoa.Ù±‚`Ù¢„gtestingÙ „enumpyf1.22.3fmodulemnumpy.testingfmoduleõÙ±‚aoa.Ù±‚`Ù¢„qassert_array_lessÙ „enumpyf1.22.3fmodulex.numpy.testing._private.utils.assert_array_lessfmoduleõÙ±‚`a(Ù±‚`a[Ù±‚bmfc1.0Ù±‚`a,Ù±‚`a Ù±‚bmfc1.0Ù±‚`a,Ù±‚`a Ù±‚`bnpÙ±‚aoa.Ù±‚`cnanÙ±‚`a]Ù±‚`a,Ù±‚`a Ù±‚`a[Ù±‚bmia1Ù±‚`a,Ù±‚`a Ù±‚bmfc2.0Ù±‚`a,Ù±‚`a Ù±‚`bnpÙ±‚aoa.Ù±‚`cnanÙ±‚`a]Ù±‚`a)xôTraceback (most recent call last):
    ...
AssertionError:
Arrays are not less-ordered
<BLANKLINE>
Mismatched elements: 1 / 3 (33.3%)
Max absolute difference: 1.
Max relative difference: 0.5
 x: array([ 1.,  1., nan])
 y: array([ 1.,  2., nan])hcompiledÙ´ƒÙ±‚`bnpÙ±‚aoa.Ù±‚`Ù¢„gtestingÙ „enumpyf1.22.3fmodulemnumpy.testingfmoduleõÙ±‚aoa.Ù±‚`Ù¢„qassert_array_lessÙ „enumpyf1.22.3fmodulex.numpy.testing._private.utils.assert_array_lessfmoduleõÙ±‚`a(Ù±‚`a[Ù±‚bmfc1.0Ù±‚`a,Ù±‚`a Ù±‚bmfc4.0Ù±‚`a]Ù±‚`a,Ù±‚`a Ù±‚bmia3Ù±‚`a)xäTraceback (most recent call last):
    ...
AssertionError:
Arrays are not less-ordered
<BLANKLINE>
Mismatched elements: 1 / 2 (50%)
Max absolute difference: 2.
Max relative difference: 0.66666667
 x: array([1., 4.])
 y: array(3)hcompiledÙ´ƒ•Ù±‚`bnpÙ±‚aoa.Ù±‚`Ù¢„gtestingÙ „enumpyf1.22.3fmodulemnumpy.testingfmoduleõÙ±‚aoa.Ù±‚`Ù¢„qassert_array_lessÙ „enumpyf1.22.3fmodulex.numpy.testing._private.utils.assert_array_lessfmoduleõÙ±‚`a(Ù±‚`a[Ù±‚bmfc1.0Ù±‚`a,Ù±‚`a Ù±‚bmfc2.0Ù±‚`a,Ù±‚`a Ù±‚bmfc3.0Ù±‚`a]Ù±‚`a,Ù±‚`a Ù±‚`a[Ù±‚bmia4Ù±‚`a]Ù±‚`a)x¦Traceback (most recent call last):
    ...
AssertionError:
Arrays are not less-ordered
<BLANKLINE>
(shapes (3,), (1,) mismatch)
 x: array([1., 2., 3.])
 y: array([4])hcompiledö‚Ù¼ƒÙ»ƒxassert_array_almost_equalx6numpy.testing._private.utils.assert_array_almost_equalõÙ¹‚Ù§x)test objects for equality up to precision€öÙ¼ƒÙ»ƒrassert_array_equalx/numpy.testing._private.utils.assert_array_equalõÙ¹‚Ù§xtests objects for equality€öf1.22.3Ù«x1assert_array_less(x, y, err_msg='', verbose=True)öx.numpy.testing._private.utils.assert_array_less€