Ùª­jAttributesÙ¯‚€öpExtended SummaryÙ¯‚Ù¹‚ƒÙ§xThe test is performed with Ù¡qactual == desiredÙ§a.€ögMethodsÙ¯‚€öeNotesÙ¯‚€öpOther ParametersÙ¯‚€öjParametersÙ¯‚ƒÙ°ƒktest_stringcstrÙ¹‚Ù§x'The message supplied to AssertionError.€Ù°ƒfactualfobjectÙ¹‚ƒÙ§x(The object to test for equality against Ù¢„gdesiredÙ „ööelocalgdesiredelocalõÙ§a.€Ù°ƒgdesiredfobjectÙ¹‚Ù§tThe expected result.€öfRaisesÙ¯‚€öhReceivesÙ¯‚€ögReturnsÙ¯‚€ögSummaryÙ¯‚Ù¹‚Ù§xHTest if two objects are equal, and print an error message if test fails.€öhWarningsÙ¯‚€öeWarnsÙ¯‚€öfYieldsÙ¯‚€ö„gSummarypExtended SummaryjParametershExamplesx /numpy/testing/_private/utils.py³r<class 'function'>x numpy.testing.print_assert_equalÙ¯‚Ù´ƒ˜5Ù±‚`bnpÙ±‚aoa.Ù±‚`Ù¢„gtestingÙ „enumpyf1.22.3fmodulemnumpy.testingfmoduleõÙ±‚aoa.Ù±‚`Ù¢„rprint_assert_equalÙ „enumpyf1.22.3fmodulex/numpy.testing._private.utils.print_assert_equalfmoduleõÙ±‚`a(Ù±‚bs1a'Ù±‚bs1tTest XYZ of func xyzÙ±‚bs1a'Ù±‚`a,Ù±‚`a Ù±‚`a[Ù±‚bmia0Ù±‚`a,Ù±‚`a Ù±‚bmia1Ù±‚`a]Ù±‚`a,Ù±‚`a Ù±‚`a[Ù±‚bmia0Ù±‚`a,Ù±‚`a Ù±‚bmia1Ù±‚`a]Ù±‚`a)Ù±‚`a
Ù±‚`bnpÙ±‚aoa.Ù±‚`Ù¢„gtestingÙ „enumpyf1.22.3fmodulemnumpy.testingfmoduleõÙ±‚aoa.Ù±‚`Ù¢„rprint_assert_equalÙ „enumpyf1.22.3fmodulex/numpy.testing._private.utils.print_assert_equalfmoduleõÙ±‚`a(Ù±‚bs1a'Ù±‚bs1tTest XYZ of func xyzÙ±‚bs1a'Ù±‚`a,Ù±‚`a Ù±‚`a[Ù±‚bmia0Ù±‚`a,Ù±‚`a Ù±‚bmia1Ù±‚`a]Ù±‚`a,Ù±‚`a Ù±‚`a[Ù±‚bmia0Ù±‚`a,Ù±‚`a Ù±‚bmia2Ù±‚`a]Ù±‚`a)xqTraceback (most recent call last):
...
AssertionError: Test XYZ of func xyz failed
ACTUAL:
[0, 1]
DESIRED:
[0, 2]hcompiledö€f1.22.3Ù«x0print_assert_equal(test_string, actual, desired)öx/numpy.testing._private.utils.print_assert_equal€