Ùª­jAttributesÙ¯‚€öpExtended SummaryÙ¯‚Ù¹‚ƒÙ§kBy default Ù¢„grundocsÙ „enumpyf1.22.3fmodulex$numpy.testing._private.utils.rundocsfmoduleõÙ§x% raises an AssertionError on failure.€ögMethodsÙ¯‚€öeNotesÙ¯‚‚Ù¹‚‡Ù§x<The doctests can be run by the user/developer by adding the Ù¡hdoctestsÙ§q argument to the Ù¡ftest()Ù§x> call. For example, to run all tests (including doctests) for Ù¢„inumpy.libÙ „enumpyf1.22.3fmoduleinumpy.libfmoduleõÙ§a:€ÙÀx0>>> np.lib.test(doctests=True)  # doctest: +SKIPöpOther ParametersÙ¯‚€öjParametersÙ¯‚‚Ù°ƒhfilenamecstrÙ¹‚Ù§x4The path to the file for which the doctests are run.€Ù°ƒnraise_on_errordboolÙ¹‚Ù§xIWhether to raise an AssertionError when a doctest fails. Default is True.€öfRaisesÙ¯‚€öhReceivesÙ¯‚€ögReturnsÙ¯‚€ögSummaryÙ¯‚Ù¹‚Ù§x%Run doctests found in the given file.€öhWarningsÙ¯‚€öeWarnsÙ¯‚€öfYieldsÙ¯‚€ö„gSummarypExtended SummaryjParameterseNotesx /numpy/testing/_private/utils.py¹r<class 'function'>unumpy.testing.rundocsÙ¯‚€ö€f1.22.3Ù«x+rundocs(filename=None, raise_on_error=True)öx$numpy.testing._private.utils.rundocs€