Ùª­jAttributesÙ¯‚€öpExtended SummaryÙ¯‚€ögMethodsÙ¯‚€öeNotesÙ¯‚€öpOther ParametersÙ¯‚€öjParametersÙ¯‚…Ù°ƒpexpected_warningx'{Warning, False, None}, default WarningÙ¹‚‡Ù§xThe type of Exception raised. Ù¡qexception.WarningÙ§xS is the base class for all warnings. To check that no warning is returned, specify Ù¡eFalseÙ§d or Ù¡dNoneÙ§a.€Ù°ƒlfilter_levelxstr or None, default "always"‚Ù¹‚Ù§x[Specifies whether warnings are ignored, displayed, or turned into errors. Valid values are:€ÙÈ†Ù¹‚Ù§x1"error" - turns matching warnings into exceptions€Ù¹‚Ù§x"ignore" - discard the warning€Ù¹‚Ù§x "always" - always emit a warning€Ù¹‚Ù§xQ"default" - print the warning the first time it is generated   from each location€Ù¹‚Ù§xN"module" - print the warning the first time it is generated   from each module€Ù¹‚Ù§x9"once" - print the warning the first time it is generated€Ù°ƒpcheck_stacklevelrbool, default TrueÙ¹‚Ù§x®If True, displays the line that called the function containing the warning to show were the function is called. Otherwise, the line that implements the function is displayed.€Ù°ƒwraise_on_extra_warningsrbool, default TrueÙ¹‚ƒÙ§x'Whether extra warnings not of the type Ù¢„pexpected_warningÙ „ööelocalpexpected_warningelocalõÙ§x should cause the test to fail.€Ù°ƒematchmstr, optionalÙ¹‚Ù§vMatch warning message.€öfRaisesÙ¯‚€öhReceivesÙ¯‚€ögReturnsÙ¯‚€ögSummaryÙ¯‚Ù¹‚ƒÙ§xøContext manager for running code expected to either raise a specific warning, or not raise any warnings. Verifies that the code raises the expected warning, and that it does not raise any other unexpected warnings. It is basically a wrapper around Ù¡wwarnings.catch_warningsÙ§a.€öhWarningsÙ¯‚€öeWarnsÙ¯‚€öfYieldsÙ¯‚€öƒgSummaryjParametershExamplesx/pandas/_testing/_warnings.pyr<class 'function'>x'pandas._testing.assert_produces_warningÙ¯‚„Ù´ƒ”Ù±‚bknfimportÙ±‚`a Ù±‚bnnhwarningsÙ±‚`a
Ù±‚akdwithÙ±‚`a Ù±‚`Ù¢„wassert_produces_warningÙ „fpandase1.4.1fmodulex1pandas._testing._warnings.assert_produces_warningfmoduleõÙ±‚`a(Ù±‚`a)Ù±‚`a:Ù±‚`a
Ù±‚`d    Ù±‚`hwarningsÙ±‚aoa.Ù±‚`dwarnÙ±‚`a(Ù±‚bnekUserWarningÙ±‚`a(Ù±‚`a)Ù±‚`a)c...hcompiledÙ´ƒ‘Ù±‚akdwithÙ±‚`a Ù±‚`Ù¢„wassert_produces_warningÙ „fpandase1.4.1fmodulex1pandas._testing._warnings.assert_produces_warningfmoduleõÙ±‚`a(Ù±‚bkceFalseÙ±‚`a)Ù±‚`a:Ù±‚`a
Ù±‚`d    Ù±‚`hwarningsÙ±‚aoa.Ù±‚`dwarnÙ±‚`a(Ù±‚bnenRuntimeWarningÙ±‚`a(Ù±‚`a)Ù±‚`a)xp...
Traceback (most recent call last):
    ...
AssertionError: Caused unexpected warning(s): ['RuntimeWarning'].hcompiledÙ´ƒ‘Ù±‚akdwithÙ±‚`a Ù±‚`Ù¢„wassert_produces_warningÙ „fpandase1.4.1fmodulex1pandas._testing._warnings.assert_produces_warningfmoduleõÙ±‚`a(Ù±‚bnekUserWarningÙ±‚`a)Ù±‚`a:Ù±‚`a
Ù±‚`d    Ù±‚`hwarningsÙ±‚aoa.Ù±‚`dwarnÙ±‚`a(Ù±‚bnenRuntimeWarningÙ±‚`a(Ù±‚`a)Ù±‚`a)xoTraceback (most recent call last):
    ...
AssertionError: Did not see expected warning of class 'UserWarning'.hcompiledÙ¹‚ƒÙ§q..warn:: This is Ù¨Ù§cnotÙ§m thread-safe.€ö€e1.4.1Ù«xØassert_produces_warning(expected_warning: 'type[Warning] | bool | None' = <class 'Warning'>, filter_level='always', check_stacklevel: 'bool' = True, raise_on_extra_warnings: 'bool' = True, match: 'str | None' = None)öx1pandas._testing._warnings.assert_produces_warning€